============================= test session starts =============================
platform win32 -- Python 3.12.6, pytest-9.0.3, pluggy-1.6.0
rootdir: D:\Documents\GitHub\UP-MAVT-Suite\worker
configfile: pytest.ini
testpaths: tests
plugins: anyio-4.14.2, cov-7.1.0, flask-1.3.0
collected 59 items

tests\regression\test_case_study_04_replication.py .                     [  1%]
tests\regression\test_case_study_05_verification.py ..                   [  5%]
tests\unit\test_aggregation_functions.py .........                       [ 20%]
tests\unit\test_compute_weights.py .........                             [ 35%]
tests\unit\test_evaluate_alternative.py ........                         [ 49%]
tests\unit\test_run_monte_carlo.py .....                                 [ 57%]
tests\unit\test_sample_from_distribution.py ..................           [ 88%]
tests\unit\test_weight_sampler.py .......                                [100%]

=============================== tests coverage ================================
_______________ coverage: platform win32, python 3.12.6-final-0 _______________

Name                                 Stmts   Miss  Cover   Missing
------------------------------------------------------------------
scripts\__init__.py                      0      0   100%
scripts\load_DB.py                     197    197     0%   12-533
scripts\upmavt.py                      291     36    88%   120-122, 221, 332-343, 413-421, 473, 483-484, 491-492, 552-557
scripts\weight_space_definition.py     211     23    89%   142-144, 171, 221, 249-250, 294-296, 345, 357, 385-396, 510
------------------------------------------------------------------
TOTAL                                  699    256    63%
======================= 59 passed in 217.28s (0:03:37) ========================
